[0m21:24:58.468791 [debug] [MainThread]: Sending event: {'category': 'dbt', 'action': 'invocation', 'label': 'start', 'context': [<snowplow_tracker.self_describing_json.SelfDescribingJson object at 0x10b648a70>, <snowplow_tracker.self_describing_json.SelfDescribingJson object at 0x10b80a840>, <snowplow_tracker.self_describing_json.SelfDescribingJson object at 0x10b80a570>]}


============================== 21:24:58.472067 | 5154e0e7-dd10-47ad-8449-4ab2175f25ab ==============================
[0m21:24:58.472067 [info ] [MainThread]: Running with dbt=1.11.8
[0m21:24:58.472387 [debug] [MainThread]: running dbt with arguments {'target_path': 'None', 'log_cache_events': 'False', 'introspect': 'True', 'use_colors': 'True', 'use_experimental_parser': 'False', 'printer_width': '80', 'cache_selected_only': 'False', 'partial_parse': 'True', 'debug': 'False', 'log_format': 'default', 'send_anonymous_usage_stats': 'True', 'log_path': 'logs', 'static_parser': 'True', 'warn_error_options': 'WarnErrorOptionsV2(error=[], warn=[], silence=[])', 'quiet': 'False', 'indirect_selection': 'eager', 'fail_fast': 'False', 'version_check': 'True', 'profiles_dir': '/Users/saisreenivas/.dbt', 'invocation_command': 'dbt init', 'write_json': 'True', 'warn_error': 'None', 'no_print': 'None', 'empty': 'None'}
[0m21:24:58.491318 [info ] [MainThread]: Creating dbt configuration folder at /Users/saisreenivas/.dbt
[0m21:26:09.378011 [debug] [MainThread]: Starter project path: /Users/saisreenivas/Downloads/dbt/.venv/lib/python3.12/site-packages/dbt/include/starter_project
[0m21:26:09.385568 [info ] [MainThread]: 
Your new dbt project "sai_dbt_dev" was created!

For more information on how to configure the profiles.yml file,
please consult the dbt documentation here:

  https://docs.getdbt.com/docs/configure-your-profile

One more thing:

Need help? Don't hesitate to reach out to us via GitHub issues or on Slack:

  https://community.getdbt.com/

Happy modeling!

[0m21:26:09.385896 [info ] [MainThread]: Setting up your profile.
[0m21:27:06.158821 [debug] [MainThread]: Spark adapter: Setting pyhive.hive logging to ERROR
[0m21:27:06.159711 [debug] [MainThread]: Spark adapter: Setting thrift.transport logging to ERROR
[0m21:27:06.159878 [debug] [MainThread]: Spark adapter: Setting thrift.protocol logging to ERROR
[0m21:46:01.044630 [info ] [MainThread]: Profile sai_dbt_dev written to /Users/saisreenivas/.dbt/profiles.yml using target's profile_template.yml and your supplied values. Run 'dbt debug' to validate the connection.
[0m21:46:01.320453 [debug] [MainThread]: Resource report: {"command_name": "init", "command_success": true, "command_wall_clock_time": 948.57434, "process_in_blocks": "0", "process_kernel_time": 0.481341, "process_mem_max_rss": "214859776", "process_out_blocks": "0", "process_user_time": 1.593309}
[0m21:46:01.322176 [debug] [MainThread]: Command `dbt init` succeeded at 21:46:01.321940 after 948.58 seconds
[0m21:46:01.323784 [debug] [MainThread]: Sending event: {'category': 'dbt', 'action': 'invocation', 'label': 'end', 'context': [<snowplow_tracker.self_describing_json.SelfDescribingJson object at 0x10260ecf0>, <snowplow_tracker.self_describing_json.SelfDescribingJson object at 0x113542750>, <snowplow_tracker.self_describing_json.SelfDescribingJson object at 0x1135d3d10>]}
[0m21:46:01.325120 [debug] [MainThread]: Flushing usage events
[0m21:46:01.759175 [debug] [MainThread]: An error was encountered while trying to flush usage events
[0m21:46:31.760886 [debug] [MainThread]: Sending event: {'category': 'dbt', 'action': 'invocation', 'label': 'start', 'context': [<snowplow_tracker.self_describing_json.SelfDescribingJson object at 0x10d95da00>, <snowplow_tracker.self_describing_json.SelfDescribingJson object at 0x10df8eb40>, <snowplow_tracker.self_describing_json.SelfDescribingJson object at 0x10df8e870>]}


============================== 21:46:31.764196 | 55ddf844-d74b-4eaa-a7ec-a68fa66d0c54 ==============================
[0m21:46:31.764196 [info ] [MainThread]: Running with dbt=1.11.8
[0m21:46:31.764520 [debug] [MainThread]: running dbt with arguments {'version_check': 'True', 'partial_parse': 'True', 'profiles_dir': '/Users/saisreenivas/.dbt', 'log_format': 'default', 'warn_error': 'None', 'quiet': 'False', 'log_cache_events': 'False', 'target_path': 'None', 'invocation_command': 'dbt debug', 'send_anonymous_usage_stats': 'True', 'debug': 'False', 'empty': 'None', 'fail_fast': 'False', 'write_json': 'True', 'static_parser': 'True', 'cache_selected_only': 'False', 'introspect': 'True', 'use_experimental_parser': 'False', 'warn_error_options': 'WarnErrorOptionsV2(error=[], warn=[], silence=[])', 'printer_width': '80', 'use_colors': 'True', 'log_path': 'logs', 'no_print': 'None', 'indirect_selection': 'eager'}
[0m21:46:31.777540 [info ] [MainThread]: dbt version: 1.11.8
[0m21:46:31.778115 [info ] [MainThread]: python version: 3.12.13
[0m21:46:31.778374 [info ] [MainThread]: python path: /Users/saisreenivas/Downloads/dbt/.venv/bin/python3
[0m21:46:31.778590 [info ] [MainThread]: os info: macOS-26.4.1-arm64-arm-64bit
[0m21:46:32.262187 [debug] [MainThread]: Spark adapter: Setting pyhive.hive logging to ERROR
[0m21:46:32.262468 [debug] [MainThread]: Spark adapter: Setting thrift.transport logging to ERROR
[0m21:46:32.262622 [debug] [MainThread]: Spark adapter: Setting thrift.protocol logging to ERROR
[0m21:46:32.941869 [info ] [MainThread]: Using profiles dir at /Users/saisreenivas/.dbt
[0m21:46:32.942135 [info ] [MainThread]: Using profiles.yml file at /Users/saisreenivas/.dbt/profiles.yml
[0m21:46:32.942348 [info ] [MainThread]: Using dbt_project.yml file at /Users/saisreenivas/Downloads/dbt/dbt_project.yml
[0m21:46:32.942523 [info ] [MainThread]: adapter type: databricks
[0m21:46:32.942668 [info ] [MainThread]: adapter version: 1.11.8
[0m21:46:32.942819 [info ] [MainThread]: Configuration:
[0m21:46:32.942950 [info ] [MainThread]:   profiles.yml file [[32mOK found and valid[0m]
[0m21:46:32.943074 [info ] [MainThread]:   dbt_project.yml file [[31mERROR not found[0m]
[0m21:46:32.943197 [info ] [MainThread]: Required dependencies:
[0m21:46:32.943380 [debug] [MainThread]: Executing "git --help"
[0m21:46:32.961057 [debug] [MainThread]: STDOUT: "b"usage: git [-v | --version] [-h | --help] [-C <path>] [-c <name>=<value>]\n           [--exec-path[=<path>]] [--html-path] [--man-path] [--info-path]\n           [-p | --paginate | -P | --no-pager] [--no-replace-objects] [--no-lazy-fetch]\n           [--no-optional-locks] [--no-advice] [--bare] [--git-dir=<path>]\n           [--work-tree=<path>] [--namespace=<name>] [--config-env=<name>=<envvar>]\n           <command> [<args>]\n\nThese are common Git commands used in various situations:\n\nstart a working area (see also: git help tutorial)\n   clone      Clone a repository into a new directory\n   init       Create an empty Git repository or reinitialize an existing one\n\nwork on the current change (see also: git help everyday)\n   add        Add file contents to the index\n   mv         Move or rename a file, a directory, or a symlink\n   restore    Restore working tree files\n   rm         Remove files from the working tree and from the index\n\nexamine the history and state (see also: git help revisions)\n   bisect     Use binary search to find the commit that introduced a bug\n   diff       Show changes between commits, commit and working tree, etc\n   grep       Print lines matching a pattern\n   log        Show commit logs\n   show       Show various types of objects\n   status     Show the working tree status\n\ngrow, mark and tweak your common history\n   backfill   Download missing objects in a partial clone\n   branch     List, create, or delete branches\n   commit     Record changes to the repository\n   merge      Join two or more development histories together\n   rebase     Reapply commits on top of another base tip\n   reset      Reset current HEAD to the specified state\n   switch     Switch branches\n   tag        Create, list, delete or verify tags\n\ncollaborate (see also: git help workflows)\n   fetch      Download objects and refs from another repository\n   pull       Fetch from and integrate with another repository or a local branch\n   push       Update remote refs along with associated objects\n\n'git help -a' and 'git help -g' list available subcommands and some\nconcept guides. See 'git help <command>' or 'git help <concept>'\nto read about a specific subcommand or concept.\nSee 'git help git' for an overview of the system.\n""
[0m21:46:32.961657 [debug] [MainThread]: STDERR: "b''"
[0m21:46:32.961892 [info ] [MainThread]:  - git [[32mOK found[0m]

[0m21:46:32.962094 [info ] [MainThread]: Connection:
[0m21:46:32.962313 [info ] [MainThread]:   host: dbc-abd34bdb-74b4.cloud.databricks.com
[0m21:46:32.962454 [info ] [MainThread]:   http_path: /sql/1.0/warehouses/be15b53b55cf1180
[0m21:46:32.962598 [info ] [MainThread]:   catalog: dbt_dev
[0m21:46:32.962729 [info ] [MainThread]:   schema: default
[0m21:46:32.963171 [info ] [MainThread]: Registered adapter: databricks=1.11.8
[0m21:46:33.305148 [debug] [MainThread]: Databricks adapter: DatabricksDBTConnection(session-id=None, name=debug) - Creating connection
[0m21:46:33.305517 [debug] [MainThread]: Acquiring new databricks connection 'debug'
[0m21:46:33.305710 [debug] [MainThread]: Using databricks connection "debug"
[0m21:46:33.305859 [debug] [MainThread]: On debug: select 1 as id
[0m21:46:33.305991 [debug] [MainThread]: Opening a new connection, currently in state init
[0m21:46:34.125592 [debug] [MainThread]: Databricks adapter: Connection(session-id=01f1515f-f166-1055-952c-aabe9eed3ca5) - Created
[0m21:46:47.752420 [debug] [MainThread]: SQL status: OK in 14.450 seconds
[0m21:46:47.756331 [debug] [MainThread]: Databricks adapter: Cursor(session-id=01f1515f-f166-1055-952c-aabe9eed3ca5, command-id=01f1515f-f193-1967-9bda-d8955670c475) - Closing
[0m21:46:48.035967 [debug] [MainThread]: On debug: Close
[0m21:46:48.036732 [debug] [MainThread]: Databricks adapter: Connection(session-id=01f1515f-f166-1055-952c-aabe9eed3ca5) - Closing
[0m21:46:48.196921 [info ] [MainThread]:   Connection test: [[32mOK connection ok[0m]

[0m21:46:48.197917 [info ] [MainThread]: [31m1 check failed:[0m
[0m21:46:48.198388 [info ] [MainThread]: Project loading failed for the following reason:
 project path </Users/saisreenivas/Downloads/dbt/dbt_project.yml> not found

[0m21:46:48.207706 [debug] [MainThread]: Resource report: {"command_name": "debug", "command_success": false, "command_wall_clock_time": 16.498747, "process_in_blocks": "0", "process_kernel_time": 0.460747, "process_mem_max_rss": "224575488", "process_out_blocks": "0", "process_user_time": 1.600881}
[0m21:46:48.208977 [debug] [MainThread]: Command `dbt debug` failed at 21:46:48.208707 after 16.50 seconds
[0m21:46:48.210367 [debug] [MainThread]: Sending event: {'category': 'dbt', 'action': 'invocation', 'label': 'end', 'context': [<snowplow_tracker.self_describing_json.SelfDescribingJson object at 0x10e04b110>, <snowplow_tracker.self_describing_json.SelfDescribingJson object at 0x10e0483b0>, <snowplow_tracker.self_describing_json.SelfDescribingJson object at 0x1104ed4c0>]}
[0m21:46:48.211245 [debug] [MainThread]: Flushing usage events
[0m21:46:48.586916 [debug] [MainThread]: An error was encountered while trying to flush usage events
